<?xml version="1.0" encoding="UTF-8" standalone="yes" ?>
<test-results name="C:\Users\twsm\Documents\Embarcadero\Studio\Projects\DataStruct\Tries\Tests\Win32\Debug\TrieTest.exe" total="1" errors="0" failures="0" ignored="0" inconclusive="0" not-run="0" skipped="0" invalid="0" date="2022-01-13" time="0.002">
  <culture-info current-culture="en" current-uiculture="en" />
  <test-suite type="Assembly" name="TrieTest.exe" executed="true" result="Success" success="True" time="0.002" asserts="0">
    <results>
        <test-suite type="Namespace" name="Test" executed="true" result="Success" success="True" time="0.001" asserts="0" >
          <results>
              <test-suite type="Fixture" name="TTrieTests" executed="True" result="Success" success="True" time="0.001" >
                <results>
                  <test-case name="Instantiate" executed="True" result="Success" success="True" time="0.000" asserts="0" />
                </results>
              </test-suite>
          </results>
        </test-suite>
    </results>
  </test-suite>
</test-results>
